mode: set
github.com/viant/afs/archive/rewrite.go:20.117,22.153 2 1
github.com/viant/afs/archive/rewrite.go:34.2,34.16 1 1
github.com/viant/afs/archive/rewrite.go:37.2,38.16 2 1
github.com/viant/afs/archive/rewrite.go:41.2,42.27 2 1
github.com/viant/afs/archive/rewrite.go:49.2,49.12 1 1
github.com/viant/afs/archive/rewrite.go:22.153,25.20 3 1
github.com/viant/afs/archive/rewrite.go:30.3,32.19 3 1
github.com/viant/afs/archive/rewrite.go:25.20,26.54 1 1
github.com/viant/afs/archive/rewrite.go:26.54,28.5 1 0
github.com/viant/afs/archive/rewrite.go:34.16,36.3 1 0
github.com/viant/afs/archive/rewrite.go:38.16,40.3 1 0
github.com/viant/afs/archive/rewrite.go:42.27,45.80 3 1
github.com/viant/afs/archive/rewrite.go:45.80,47.4 1 0
github.com/viant/afs/archive/rewrite.go:52.60,55.27 3 1
github.com/viant/afs/archive/rewrite.go:62.2,62.15 1 1
github.com/viant/afs/archive/rewrite.go:55.27,56.32 1 1
github.com/viant/afs/archive/rewrite.go:59.3,60.40 2 1
github.com/viant/afs/archive/rewrite.go:56.32,57.12 1 0
github.com/viant/afs/archive/rewrite.go:66.98,67.70 1 1
github.com/viant/afs/archive/rewrite.go:67.70,71.28 3 1
github.com/viant/afs/archive/rewrite.go:78.3,79.15 2 1
github.com/viant/afs/archive/rewrite.go:82.3,82.23 1 1
github.com/viant/afs/archive/rewrite.go:71.28,72.91 1 1
github.com/viant/afs/archive/rewrite.go:76.4,76.45 1 1
github.com/viant/afs/archive/rewrite.go:72.91,74.13 2 1
github.com/viant/afs/archive/rewrite.go:79.15,81.4 1 0
github.com/viant/afs/archive/rewrite.go:86.137,92.35 6 1
github.com/viant/afs/archive/rewrite.go:102.2,102.40 1 1
github.com/viant/afs/archive/rewrite.go:108.2,108.18 1 1
github.com/viant/afs/archive/rewrite.go:113.2,113.37 1 1
github.com/viant/afs/archive/rewrite.go:120.2,120.76 1 0
github.com/viant/afs/archive/rewrite.go:92.35,94.52 2 1
github.com/viant/afs/archive/rewrite.go:97.3,100.33 4 1
github.com/viant/afs/archive/rewrite.go:94.52,95.9 1 1
github.com/viant/afs/archive/rewrite.go:102.40,107.3 4 1
github.com/viant/afs/archive/rewrite.go:108.18,111.3 2 1
github.com/viant/afs/archive/rewrite.go:113.37,114.30 1 1
github.com/viant/afs/archive/rewrite.go:114.30,118.4 3 1
github.com/viant/afs/archive/rewrite.go:124.141,125.70 1 1
github.com/viant/afs/archive/rewrite.go:125.70,128.38 3 1
github.com/viant/afs/archive/rewrite.go:137.3,138.48 2 1
github.com/viant/afs/archive/rewrite.go:128.38,129.37 1 1
github.com/viant/afs/archive/rewrite.go:133.4,133.20 1 1
github.com/viant/afs/archive/rewrite.go:129.37,132.5 2 1
github.com/viant/afs/archive/rewrite.go:133.20,135.5 1 1
github.com/viant/afs/archive/rewrite.go:144.109,145.70 1 1
github.com/viant/afs/archive/rewrite.go:145.70,147.38 2 1
github.com/viant/afs/archive/rewrite.go:150.3,151.37 2 1
github.com/viant/afs/archive/rewrite.go:163.3,163.24 1 1
github.com/viant/afs/archive/rewrite.go:147.38,149.4 1 1
github.com/viant/afs/archive/rewrite.go:151.37,152.51 1 1
github.com/viant/afs/archive/rewrite.go:159.4,159.79 1 1
github.com/viant/afs/archive/rewrite.go:152.51,154.19 2 0
github.com/viant/afs/archive/rewrite.go:157.5,157.13 1 0
github.com/viant/afs/archive/rewrite.go:154.19,156.6 1 0
github.com/viant/afs/archive/rewrite.go:159.79,161.5 1 0
github.com/viant/afs/archive/rewrite.go:168.91,169.42 1 0
github.com/viant/afs/archive/rewrite.go:172.2,173.27 2 0
github.com/viant/afs/archive/rewrite.go:178.2,178.15 1 0
github.com/viant/afs/archive/rewrite.go:169.42,171.3 1 0
github.com/viant/afs/archive/rewrite.go:173.27,177.3 3 0
github.com/viant/afs/archive/uploader.go:19.112,22.19 3 0
github.com/viant/afs/archive/uploader.go:27.2,30.12 4 0
github.com/viant/afs/archive/uploader.go:22.19,23.53 1 0
github.com/viant/afs/archive/uploader.go:23.53,25.4 1 0
github.com/viant/afs/archive/uploader.go:34.41,36.2 1 0
github.com/viant/afs/archive/uploader.go:39.92,44.2 1 0
github.com/viant/afs/http/delete.go:11.92,13.16 2 1
github.com/viant/afs/http/delete.go:16.2,17.16 2 1
github.com/viant/afs/http/delete.go:20.2,21.26 2 1
github.com/viant/afs/http/delete.go:24.2,24.67 1 1
github.com/viant/afs/http/delete.go:13.16,15.3 1 0
github.com/viant/afs/http/delete.go:17.16,19.3 1 0
github.com/viant/afs/http/delete.go:21.26,23.3 1 1
github.com/viant/afs/http/exists.go:10.100,12.100 1 1
github.com/viant/afs/http/exists.go:22.2,22.19 1 1
github.com/viant/afs/http/exists.go:12.100,15.17 3 1
github.com/viant/afs/http/exists.go:18.3,18.27 1 1
github.com/viant/afs/http/exists.go:15.17,17.4 1 1
github.com/viant/afs/http/exists.go:18.27,20.4 1 1
github.com/viant/afs/http/response.go:8.58,9.26 1 1
github.com/viant/afs/http/response.go:9.26,12.3 2 1
github.com/viant/afs/http/status.go:6.47,8.2 1 1
github.com/viant/afs/http/upload.go:13.128,15.16 2 1
github.com/viant/afs/http/upload.go:18.2,19.16 2 1
github.com/viant/afs/http/upload.go:22.2,23.26 2 1
github.com/viant/afs/http/upload.go:26.2,26.67 1 1
github.com/viant/afs/http/upload.go:15.16,17.3 1 0
github.com/viant/afs/http/upload.go:19.16,21.3 1 0
github.com/viant/afs/http/upload.go:23.26,25.3 1 1
github.com/viant/afs/http/download.go:12.122,14.2 1 0
github.com/viant/afs/http/download.go:17.118,19.16 2 1
github.com/viant/afs/http/download.go:22.2,23.16 2 1
github.com/viant/afs/http/download.go:26.2,26.26 1 1
github.com/viant/afs/http/download.go:29.2,29.72 1 1
github.com/viant/afs/http/download.go:19.16,21.3 1 0
github.com/viant/afs/http/download.go:23.16,25.3 1 0
github.com/viant/afs/http/download.go:26.26,28.3 1 1
github.com/viant/afs/http/header.go:9.72,10.22 1 1
github.com/viant/afs/http/header.go:13.2,13.30 1 1
github.com/viant/afs/http/header.go:16.2,16.27 1 1
github.com/viant/afs/http/header.go:10.22,12.3 1 1
github.com/viant/afs/http/header.go:13.30,15.3 1 1
github.com/viant/afs/http/header.go:16.27,18.3 1 1
github.com/viant/afs/http/header.go:24.83,25.22 1 1
github.com/viant/afs/http/header.go:28.2,29.9 2 1
github.com/viant/afs/http/header.go:38.2,38.21 1 1
github.com/viant/afs/http/header.go:41.2,41.56 1 1
github.com/viant/afs/http/header.go:44.2,44.21 1 1
github.com/viant/afs/http/header.go:25.22,27.3 1 1
github.com/viant/afs/http/header.go:29.9,31.28 2 1
github.com/viant/afs/http/header.go:31.28,32.33 1 1
github.com/viant/afs/http/header.go:32.33,34.5 1 1
github.com/viant/afs/http/header.go:38.21,40.3 1 0
github.com/viant/afs/http/header.go:41.56,43.3 1 1
github.com/viant/afs/http/header.go:48.64,49.29 1 1
github.com/viant/afs/http/header.go:54.2,54.20 1 1
github.com/viant/afs/http/header.go:49.29,50.66 1 1
github.com/viant/afs/http/header.go:50.66,52.4 1 1
github.com/viant/afs/http/list.go:19.110,21.16 2 1
github.com/viant/afs/http/list.go:24.2,25.16 2 1
github.com/viant/afs/http/list.go:28.2,29.27 2 1
github.com/viant/afs/http/list.go:32.2,39.8 6 1
github.com/viant/afs/http/list.go:21.16,23.3 1 0
github.com/viant/afs/http/list.go:25.16,27.3 1 0
github.com/viant/afs/http/list.go:29.27,31.3 1 1
github.com/viant/afs/http/client.go:13.94,16.8 3 1
github.com/viant/afs/http/client.go:19.2,19.24 1 1
github.com/viant/afs/http/client.go:22.2,24.27 3 1
github.com/viant/afs/http/client.go:30.2,31.27 2 1
github.com/viant/afs/http/client.go:37.2,37.20 1 1
github.com/viant/afs/http/client.go:16.8,18.3 1 1
github.com/viant/afs/http/client.go:19.24,21.3 1 1
github.com/viant/afs/http/client.go:24.27,25.22 1 1
github.com/viant/afs/http/client.go:28.3,28.23 1 1
github.com/viant/afs/http/client.go:25.22,27.4 1 1
github.com/viant/afs/http/client.go:31.27,32.65 1 1
github.com/viant/afs/http/client.go:35.3,35.37 1 1
github.com/viant/afs/http/client.go:32.65,34.4 1 1
github.com/viant/afs/http/client.go:40.92,41.26 1 1
github.com/viant/afs/http/client.go:44.2,45.42 2 0
github.com/viant/afs/http/client.go:41.26,43.3 1 1
github.com/viant/afs/http/create.go:14.122,18.16 4 1
github.com/viant/afs/http/create.go:21.2,22.16 2 1
github.com/viant/afs/http/create.go:25.2,26.26 2 1
github.com/viant/afs/http/create.go:29.2,29.67 1 1
github.com/viant/afs/http/create.go:18.16,20.3 1 0
github.com/viant/afs/http/create.go:22.16,24.3 1 0
github.com/viant/afs/http/create.go:26.26,28.3 1 1
github.com/viant/afs/http/manager.go:14.47,18.43 2 1
github.com/viant/afs/http/manager.go:18.43,20.3 1 1
github.com/viant/afs/http/manager.go:23.33,24.21 1 1
github.com/viant/afs/http/manager.go:27.2,27.42 1 1
github.com/viant/afs/http/manager.go:30.2,30.12 1 1
github.com/viant/afs/http/manager.go:24.21,26.3 1 1
github.com/viant/afs/http/manager.go:27.42,29.3 1 1
github.com/viant/afs/http/manager.go:33.35,35.2 1 0
github.com/viant/afs/http/manager.go:37.53,42.2 1 1
github.com/viant/afs/http/manager.go:45.53,47.2 1 1
github.com/viant/afs/http/provider.go:8.67,10.2 1 0
github.com/viant/afs/http/run.go:11.130,21.16 10 1
github.com/viant/afs/http/run.go:24.2,24.16 1 1
github.com/viant/afs/http/run.go:27.2,28.31 2 1
github.com/viant/afs/http/run.go:31.2,31.22 1 1
github.com/viant/afs/http/run.go:21.16,23.3 1 0
github.com/viant/afs/http/run.go:24.16,26.3 1 1
github.com/viant/afs/http/run.go:28.31,30.3 1 1
github.com/viant/afs/file/create.go:11.109,13.11 2 1
github.com/viant/afs/file/create.go:20.2,20.66 1 1
github.com/viant/afs/file/create.go:13.11,15.64 2 1
github.com/viant/afs/file/create.go:18.3,18.37 1 1
github.com/viant/afs/file/create.go:15.64,17.4 1 0
github.com/viant/afs/file/info.go:22.30,24.2 1 1
github.com/viant/afs/file/info.go:27.29,29.2 1 1
github.com/viant/afs/file/info.go:32.35,34.2 1 1
github.com/viant/afs/file/info.go:37.36,39.2 1 1
github.com/viant/afs/file/info.go:42.29,44.2 1 1
github.com/viant/afs/file/info.go:47.34,49.2 1 0
github.com/viant/afs/file/info.go:52.136,55.45 3 1
github.com/viant/afs/file/info.go:58.2,65.3 1 1
github.com/viant/afs/file/info.go:55.45,57.3 1 0
github.com/viant/afs/file/upload.go:15.74,17.16 2 1
github.com/viant/afs/file/upload.go:23.2,24.38 2 1
github.com/viant/afs/file/upload.go:17.16,18.30 1 1
github.com/viant/afs/file/upload.go:21.3,21.13 1 1
github.com/viant/afs/file/upload.go:18.30,20.4 1 1
github.com/viant/afs/file/upload.go:28.115,31.16 3 1
github.com/viant/afs/file/upload.go:34.2,36.25 3 1
github.com/viant/afs/file/upload.go:39.2,40.16 2 1
github.com/viant/afs/file/upload.go:43.2,44.42 2 1
github.com/viant/afs/file/upload.go:47.2,47.12 1 1
github.com/viant/afs/file/upload.go:31.16,33.3 1 0
github.com/viant/afs/file/upload.go:36.25,38.3 1 0
github.com/viant/afs/file/upload.go:40.16,42.3 1 1
github.com/viant/afs/file/upload.go:44.42,46.3 1 1
github.com/viant/afs/file/list.go:15.97,18.16 3 1
github.com/viant/afs/file/list.go:21.2,25.15 5 1
github.com/viant/afs/file/list.go:26.2,27.16 2 1
github.com/viant/afs/file/list.go:30.2,30.19 1 1
github.com/viant/afs/file/list.go:35.2,36.16 2 1
github.com/viant/afs/file/list.go:40.2,42.33 3 1
github.com/viant/afs/file/list.go:63.2,63.20 1 1
github.com/viant/afs/file/list.go:18.16,20.3 1 0
github.com/viant/afs/file/list.go:25.15,25.35 1 1
github.com/viant/afs/file/list.go:27.16,29.3 1 0
github.com/viant/afs/file/list.go:30.19,34.3 1 1
github.com/viant/afs/file/list.go:36.16,38.3 1 0
github.com/viant/afs/file/list.go:42.33,43.35 1 1
github.com/viant/afs/file/list.go:46.3,47.23 2 1
github.com/viant/afs/file/list.go:51.3,51.41 1 1
github.com/viant/afs/file/list.go:57.3,59.29 3 1
github.com/viant/afs/file/list.go:43.35,44.12 1 1
github.com/viant/afs/file/list.go:47.23,48.12 1 0
github.com/viant/afs/file/list.go:51.41,53.18 2 0
github.com/viant/afs/file/list.go:53.18,55.5 1 0
github.com/viant/afs/file/list.go:59.29,60.9 1 0
github.com/viant/afs/file/move.go:11.92,16.16 5 1
github.com/viant/afs/file/move.go:19.2,19.40 1 1
github.com/viant/afs/file/move.go:16.16,18.3 1 0
github.com/viant/afs/file/provider.go:8.67,10.2 1 0
github.com/viant/afs/file/delete.go:10.79,13.2 2 1
github.com/viant/afs/file/manager.go:12.110,14.2 1 1
github.com/viant/afs/file/manager.go:16.128,18.2 1 1
github.com/viant/afs/file/manager.go:20.122,22.2 1 1
github.com/viant/afs/file/manager.go:24.118,26.2 1 0
github.com/viant/afs/file/manager.go:28.92,30.2 1 1
github.com/viant/afs/file/manager.go:32.122,34.2 1 1
github.com/viant/afs/file/manager.go:36.105,38.2 1 1
github.com/viant/afs/file/manager.go:40.33,42.2 1 0
github.com/viant/afs/file/manager.go:44.35,46.2 1 1
github.com/viant/afs/file/manager.go:49.28,51.2 1 1
github.com/viant/afs/file/mode.go:10.53,12.26 2 1
github.com/viant/afs/file/mode.go:16.2,19.28 3 1
github.com/viant/afs/file/mode.go:23.2,24.35 2 1
github.com/viant/afs/file/mode.go:29.2,29.20 1 1
github.com/viant/afs/file/mode.go:12.26,14.3 1 1
github.com/viant/afs/file/mode.go:19.28,21.3 1 1
github.com/viant/afs/file/mode.go:24.35,25.32 1 1
github.com/viant/afs/file/mode.go:25.32,27.4 1 1
github.com/viant/afs/file/mode.go:34.41,36.15 2 0
github.com/viant/afs/file/mode.go:42.2,42.13 1 0
github.com/viant/afs/file/mode.go:36.15,38.19 2 0
github.com/viant/afs/file/mode.go:38.19,40.4 1 0
github.com/viant/afs/file/path.go:13.35,16.17 3 1
github.com/viant/afs/file/path.go:21.2,23.31 3 1
github.com/viant/afs/file/path.go:16.17,17.54 1 0
github.com/viant/afs/file/path.go:17.54,19.4 1 0
github.com/viant/afs/file/download.go:11.109,13.2 1 1
github.com/viant/afs/file/download.go:16.105,19.2 2 1
github.com/viant/afs/matcher/ignore.go:30.46,32.16 2 0
github.com/viant/afs/matcher/ignore.go:35.2,36.70 2 0
github.com/viant/afs/matcher/ignore.go:46.2,46.12 1 0
github.com/viant/afs/matcher/ignore.go:32.16,34.3 1 0
github.com/viant/afs/matcher/ignore.go:36.70,37.35 1 0
github.com/viant/afs/matcher/ignore.go:40.3,41.17 2 0
github.com/viant/afs/matcher/ignore.go:44.3,44.53 1 0
github.com/viant/afs/matcher/ignore.go:37.35,38.12 1 0
github.com/viant/afs/matcher/ignore.go:41.17,42.12 1 0
github.com/viant/afs/matcher/ignore.go:50.62,53.2 1 1
github.com/viant/afs/matcher/ignore.go:54.67,57.38 2 1
github.com/viant/afs/matcher/ignore.go:61.2,61.31 1 1
github.com/viant/afs/matcher/ignore.go:119.2,119.14 1 1
github.com/viant/afs/matcher/ignore.go:57.38,59.3 1 0
github.com/viant/afs/matcher/ignore.go:61.31,62.26 1 1
github.com/viant/afs/matcher/ignore.go:62.26,64.4 1 1
github.com/viant/afs/matcher/ignore.go:64.9,64.41 1 1
github.com/viant/afs/matcher/ignore.go:64.41,65.36 1 1
github.com/viant/afs/matcher/ignore.go:65.36,67.66 2 1
github.com/viant/afs/matcher/ignore.go:67.66,69.6 1 1
github.com/viant/afs/matcher/ignore.go:70.10,70.45 1 1
github.com/viant/afs/matcher/ignore.go:70.45,73.44 3 1
github.com/viant/afs/matcher/ignore.go:73.44,75.6 1 1
github.com/viant/afs/matcher/ignore.go:76.10,76.43 1 1
github.com/viant/afs/matcher/ignore.go:76.43,79.44 3 1
github.com/viant/afs/matcher/ignore.go:79.44,81.6 1 1
github.com/viant/afs/matcher/ignore.go:82.10,82.45 1 1
github.com/viant/afs/matcher/ignore.go:82.45,85.44 3 1
github.com/viant/afs/matcher/ignore.go:85.44,87.6 1 1
github.com/viant/afs/matcher/ignore.go:89.9,91.36 1 1
github.com/viant/afs/matcher/ignore.go:91.36,94.86 3 1
github.com/viant/afs/matcher/ignore.go:94.86,96.6 1 1
github.com/viant/afs/matcher/ignore.go:98.10,98.43 1 1
github.com/viant/afs/matcher/ignore.go:98.43,101.44 3 1
github.com/viant/afs/matcher/ignore.go:101.44,103.6 1 1
github.com/viant/afs/matcher/ignore.go:105.10,105.42 1 1
github.com/viant/afs/matcher/ignore.go:105.42,109.83 4 1
github.com/viant/afs/matcher/ignore.go:112.5,112.89 1 1
github.com/viant/afs/matcher/ignore.go:109.83,111.6 1 1
github.com/viant/afs/matcher/ignore.go:112.89,114.6 1 1
github.com/viant/afs/matcher/ignore.go:123.60,129.25 4 1
github.com/viant/afs/matcher/ignore.go:132.2,132.20 1 1
github.com/viant/afs/matcher/ignore.go:129.25,131.3 1 0
github.com/viant/afs/matcher/modification.go:17.68,18.20 1 1
github.com/viant/afs/matcher/modification.go:23.2,23.21 1 1
github.com/viant/afs/matcher/modification.go:28.2,28.28 1 1
github.com/viant/afs/matcher/modification.go:33.2,33.13 1 1
github.com/viant/afs/matcher/modification.go:18.20,19.38 1 1
github.com/viant/afs/matcher/modification.go:19.38,21.4 1 1
github.com/viant/afs/matcher/modification.go:23.21,24.38 1 1
github.com/viant/afs/matcher/modification.go:24.38,26.4 1 1
github.com/viant/afs/matcher/modification.go:28.28,29.35 1 1
github.com/viant/afs/matcher/modification.go:29.35,31.4 1 1
github.com/viant/afs/matcher/modification.go:37.90,43.2 1 1
github.com/viant/afs/matcher/basic.go:19.61,20.39 1 1
github.com/viant/afs/matcher/basic.go:23.2,24.21 2 1
github.com/viant/afs/matcher/basic.go:29.2,29.20 1 1
github.com/viant/afs/matcher/basic.go:34.2,34.20 1 1
github.com/viant/afs/matcher/basic.go:39.2,39.13 1 1
github.com/viant/afs/matcher/basic.go:20.39,22.3 1 0
github.com/viant/afs/matcher/basic.go:24.21,25.38 1 1
github.com/viant/afs/matcher/basic.go:25.38,27.4 1 1
github.com/viant/afs/matcher/basic.go:29.20,30.45 1 1
github.com/viant/afs/matcher/basic.go:30.45,32.4 1 1
github.com/viant/afs/matcher/basic.go:34.20,35.45 1 1
github.com/viant/afs/matcher/basic.go:35.45,37.4 1 1
github.com/viant/afs/matcher/basic.go:43.74,49.18 2 1
github.com/viant/afs/matcher/basic.go:52.2,52.21 1 1
github.com/viant/afs/matcher/basic.go:49.18,51.3 1 1
github.com/viant/afs/matcher/filepath.go:25.74,26.52 1 1
github.com/viant/afs/matcher/filepath.go:26.52,30.3 3 1
github.com/viant/afs/asset/create.go:15.79,16.25 1 1
github.com/viant/afs/asset/create.go:19.2,26.34 6 1
github.com/viant/afs/asset/create.go:36.2,36.34 1 1
github.com/viant/afs/asset/create.go:50.2,50.34 1 1
github.com/viant/afs/asset/create.go:60.2,60.12 1 1
github.com/viant/afs/asset/create.go:16.25,18.3 1 0
github.com/viant/afs/asset/create.go:26.34,27.17 1 1
github.com/viant/afs/asset/create.go:30.3,32.76 3 1
github.com/viant/afs/asset/create.go:27.17,28.12 1 1
github.com/viant/afs/asset/create.go:32.76,34.4 1 0
github.com/viant/afs/asset/create.go:36.34,37.36 1 1
github.com/viant/afs/asset/create.go:40.3,42.27 3 1
github.com/viant/afs/asset/create.go:45.3,45.108 1 1
github.com/viant/afs/asset/create.go:37.36,38.12 1 1
github.com/viant/afs/asset/create.go:42.27,44.4 1 0
github.com/viant/afs/asset/create.go:45.108,47.4 1 0
github.com/viant/afs/asset/create.go:50.34,51.23 1 1
github.com/viant/afs/asset/create.go:54.3,56.53 3 1
github.com/viant/afs/asset/create.go:51.23,52.12 1 1
github.com/viant/afs/asset/create.go:56.53,58.4 1 0
github.com/viant/afs/asset/create.go:64.57,68.2 3 1
github.com/viant/afs/asset/load.go:15.78,18.9 3 1
github.com/viant/afs/asset/load.go:21.2,22.177 2 1
github.com/viant/afs/asset/load.go:31.2,31.20 1 1
github.com/viant/afs/asset/load.go:18.9,20.3 1 1
github.com/viant/afs/asset/load.go:22.177,25.20 3 1
github.com/viant/afs/asset/load.go:28.3,29.19 2 1
github.com/viant/afs/asset/load.go:25.20,27.4 1 1
github.com/viant/afs/asset/resource.go:27.38,28.23 1 1
github.com/viant/afs/asset/resource.go:31.2,32.22 2 1
github.com/viant/afs/asset/resource.go:35.2,36.33 2 1
github.com/viant/afs/asset/resource.go:39.2,40.19 2 1
github.com/viant/afs/asset/resource.go:28.23,30.3 1 0
github.com/viant/afs/asset/resource.go:32.22,34.3 1 0
github.com/viant/afs/asset/resource.go:36.33,38.3 1 0
github.com/viant/afs/asset/resource.go:44.38,45.11 1 1
github.com/viant/afs/asset/resource.go:48.2,48.32 1 1
github.com/viant/afs/asset/resource.go:45.11,47.3 1 0
github.com/viant/afs/asset/resource.go:51.56,52.27 1 1
github.com/viant/afs/asset/resource.go:59.2,61.30 3 1
github.com/viant/afs/asset/resource.go:64.2,64.12 1 1
github.com/viant/afs/asset/resource.go:52.27,54.20 2 0
github.com/viant/afs/asset/resource.go:57.3,57.62 1 0
github.com/viant/afs/asset/resource.go:54.20,56.4 1 0
github.com/viant/afs/asset/resource.go:61.30,63.3 1 0
github.com/viant/afs/asset/resource.go:68.68,70.2 1 1
github.com/viant/afs/asset/resource.go:73.54,75.2 1 1
github.com/viant/afs/asset/resource.go:78.61,80.2 1 1
github.com/viant/afs/asset/resource.go:83.87,84.15 1 1
github.com/viant/afs/asset/resource.go:87.2,93.3 1 1
github.com/viant/afs/asset/resource.go:84.15,86.3 1 0
github.com/viant/afs/base/manager.go:28.110,31.16 3 1
github.com/viant/afs/base/manager.go:34.2,35.16 2 1
github.com/viant/afs/base/manager.go:38.2,39.23 2 1
github.com/viant/afs/base/manager.go:42.2,44.14 2 1
github.com/viant/afs/base/manager.go:51.2,52.27 2 0
github.com/viant/afs/base/manager.go:56.2,56.34 1 0
github.com/viant/afs/base/manager.go:60.2,60.21 1 0
github.com/viant/afs/base/manager.go:31.16,33.3 1 0
github.com/viant/afs/base/manager.go:35.16,37.3 1 0
github.com/viant/afs/base/manager.go:39.23,41.3 1 0
github.com/viant/afs/base/manager.go:44.14,45.24 1 1
github.com/viant/afs/base/manager.go:48.3,48.22 1 1
github.com/viant/afs/base/manager.go:45.24,47.4 1 1
github.com/viant/afs/base/manager.go:52.27,54.3 1 0
github.com/viant/afs/base/manager.go:56.34,59.3 2 0
github.com/viant/afs/base/manager.go:63.77,68.2 4 1
github.com/viant/afs/base/manager.go:71.128,74.16 3 1
github.com/viant/afs/base/manager.go:77.2,78.16 2 1
github.com/viant/afs/base/manager.go:82.2,83.16 2 1
github.com/viant/afs/base/manager.go:86.2,86.62 1 1
github.com/viant/afs/base/manager.go:74.16,76.3 1 0
github.com/viant/afs/base/manager.go:78.16,80.3 1 0
github.com/viant/afs/base/manager.go:83.16,85.3 1 0
github.com/viant/afs/base/manager.go:90.122,92.2 1 1
github.com/viant/afs/base/manager.go:95.118,98.16 3 1
github.com/viant/afs/base/manager.go:101.2,102.16 2 1
github.com/viant/afs/base/manager.go:105.2,105.20 1 1
github.com/viant/afs/base/manager.go:98.16,100.3 1 0
github.com/viant/afs/base/manager.go:102.16,104.3 1 0
github.com/viant/afs/base/manager.go:109.92,112.16 3 1
github.com/viant/afs/base/manager.go:115.2,115.38 1 1
github.com/viant/afs/base/manager.go:112.16,114.3 1 0
github.com/viant/afs/base/manager.go:119.122,124.16 5 1
github.com/viant/afs/base/manager.go:127.2,128.19 2 1
github.com/viant/afs/base/manager.go:133.2,133.57 1 1
github.com/viant/afs/base/manager.go:124.16,126.3 1 0
github.com/viant/afs/base/manager.go:128.19,129.53 1 0
github.com/viant/afs/base/manager.go:129.53,131.4 1 0
github.com/viant/afs/base/manager.go:137.100,140.16 3 0
github.com/viant/afs/base/manager.go:143.2,143.38 1 0
github.com/viant/afs/base/manager.go:140.16,142.3 1 0
github.com/viant/afs/base/manager.go:147.70,152.2 4 1
github.com/viant/afs/base/manager.go:155.118,160.8 5 1
github.com/viant/afs/base/manager.go:163.2,167.8 4 1
github.com/viant/afs/base/manager.go:170.2,172.16 3 1
github.com/viant/afs/base/manager.go:175.2,176.22 2 1
github.com/viant/afs/base/manager.go:160.8,162.3 1 1
github.com/viant/afs/base/manager.go:167.8,169.3 1 0
github.com/viant/afs/base/manager.go:172.16,174.3 1 0
github.com/viant/afs/base/manager.go:180.33,182.39 2 1
github.com/viant/afs/base/manager.go:187.2,187.12 1 1
github.com/viant/afs/base/manager.go:182.39,183.38 1 1
github.com/viant/afs/base/manager.go:183.38,185.4 1 0
github.com/viant/afs/base/manager.go:191.35,193.2 1 1
github.com/viant/afs/base/manager.go:196.190,205.2 1 1
github.com/viant/afs/base/uploader.go:19.124,21.96 2 1
github.com/viant/afs/base/uploader.go:40.2,40.32 1 1
github.com/viant/afs/base/uploader.go:21.96,24.38 2 1
github.com/viant/afs/base/uploader.go:29.3,30.37 2 1
github.com/viant/afs/base/uploader.go:35.3,35.19 1 1
github.com/viant/afs/base/uploader.go:38.3,38.69 1 1
github.com/viant/afs/base/uploader.go:24.38,25.40 1 1
github.com/viant/afs/base/uploader.go:25.40,27.5 1 0
github.com/viant/afs/base/uploader.go:30.37,31.70 1 0
github.com/viant/afs/base/uploader.go:31.70,33.5 1 0
github.com/viant/afs/base/uploader.go:35.19,37.4 1 1
github.com/viant/afs/base/uploader.go:44.65,46.2 1 1
github.com/viant/afs/mem/folder.go:25.45,28.27 3 1
github.com/viant/afs/mem/folder.go:31.2,31.25 1 1
github.com/viant/afs/mem/folder.go:34.2,34.15 1 1
github.com/viant/afs/mem/folder.go:28.27,30.3 1 0
github.com/viant/afs/mem/folder.go:31.25,33.3 1 0
github.com/viant/afs/mem/folder.go:37.57,39.47 2 1
github.com/viant/afs/mem/folder.go:42.2,42.41 1 1
github.com/viant/afs/mem/folder.go:45.2,46.12 2 1
github.com/viant/afs/mem/folder.go:39.47,41.3 1 0
github.com/viant/afs/mem/folder.go:42.41,44.3 1 0
github.com/viant/afs/mem/folder.go:49.55,51.48 2 1
github.com/viant/afs/mem/folder.go:54.2,54.44 1 1
github.com/viant/afs/mem/folder.go:57.2,58.28 2 1
github.com/viant/afs/mem/folder.go:51.48,53.3 1 0
github.com/viant/afs/mem/folder.go:54.44,56.3 1 0
github.com/viant/afs/mem/folder.go:62.51,66.9 4 1
github.com/viant/afs/mem/folder.go:69.2,69.20 1 1
github.com/viant/afs/mem/folder.go:66.9,68.3 1 1
github.com/viant/afs/mem/folder.go:73.55,77.9 4 1
github.com/viant/afs/mem/folder.go:80.2,80.20 1 1
github.com/viant/afs/mem/folder.go:77.9,79.3 1 1
github.com/viant/afs/mem/folder.go:84.50,86.16 2 1
github.com/viant/afs/mem/folder.go:89.2,89.20 1 1
github.com/viant/afs/mem/folder.go:92.2,93.39 2 1
github.com/viant/afs/mem/folder.go:86.16,88.3 1 0
github.com/viant/afs/mem/folder.go:89.20,91.3 1 0
github.com/viant/afs/mem/folder.go:97.77,99.16 2 1
github.com/viant/afs/mem/folder.go:102.2,103.39 2 1
github.com/viant/afs/mem/folder.go:99.16,101.3 1 1
github.com/viant/afs/mem/folder.go:107.84,109.19 2 1
github.com/viant/afs/mem/folder.go:112.2,113.24 2 1
github.com/viant/afs/mem/folder.go:116.2,117.12 2 1
github.com/viant/afs/mem/folder.go:122.2,124.16 3 1
github.com/viant/afs/mem/folder.go:135.2,135.12 1 1
github.com/viant/afs/mem/folder.go:138.2,139.41 2 1
github.com/viant/afs/mem/folder.go:109.19,111.3 1 0
github.com/viant/afs/mem/folder.go:113.24,115.3 1 1
github.com/viant/afs/mem/folder.go:117.12,118.54 1 1
github.com/viant/afs/mem/folder.go:118.54,120.4 1 1
github.com/viant/afs/mem/folder.go:124.16,125.21 1 1
github.com/viant/afs/mem/folder.go:129.3,131.43 3 1
github.com/viant/afs/mem/folder.go:125.21,127.4 1 1
github.com/viant/afs/mem/folder.go:131.43,133.4 1 0
github.com/viant/afs/mem/folder.go:135.12,137.3 1 1
github.com/viant/afs/mem/folder.go:143.44,147.15 4 1
github.com/viant/afs/mem/folder.go:150.2,151.13 2 1
github.com/viant/afs/mem/folder.go:154.2,154.26 1 1
github.com/viant/afs/mem/folder.go:157.2,157.77 1 0
github.com/viant/afs/mem/folder.go:147.15,149.3 1 1
github.com/viant/afs/mem/folder.go:151.13,153.3 1 1
github.com/viant/afs/mem/folder.go:154.26,156.3 1 1
github.com/viant/afs/mem/folder.go:161.51,162.20 1 1
github.com/viant/afs/mem/folder.go:165.2,165.26 1 1
github.com/viant/afs/mem/folder.go:162.20,164.3 1 0
github.com/viant/afs/mem/folder.go:169.54,173.37 4 1
github.com/viant/afs/mem/folder.go:176.2,183.15 4 1
github.com/viant/afs/mem/folder.go:173.37,175.3 1 0
github.com/viant/afs/mem/list.go:11.113,18.16 7 1
github.com/viant/afs/mem/list.go:22.2,22.20 1 1
github.com/viant/afs/mem/list.go:45.2,45.32 1 1
github.com/viant/afs/mem/list.go:48.2,48.35 1 1
github.com/viant/afs/mem/list.go:18.16,20.3 1 1
github.com/viant/afs/mem/list.go:22.20,24.47 2 1
github.com/viant/afs/mem/list.go:27.3,30.26 3 1
github.com/viant/afs/mem/list.go:43.3,43.21 1 1
github.com/viant/afs/mem/list.go:24.47,26.4 1 0
github.com/viant/afs/mem/list.go:30.26,31.38 1 1
github.com/viant/afs/mem/list.go:34.4,35.24 2 1
github.com/viant/afs/mem/list.go:38.4,39.30 2 1
github.com/viant/afs/mem/list.go:31.38,32.13 1 0
github.com/viant/afs/mem/list.go:35.24,36.13 1 0
github.com/viant/afs/mem/list.go:39.30,40.10 1 0
github.com/viant/afs/mem/list.go:45.32,47.3 1 0
github.com/viant/afs/mem/list.go:52.79,55.16 3 0
github.com/viant/afs/mem/list.go:58.2,58.18 1 0
github.com/viant/afs/mem/list.go:55.16,57.3 1 0
github.com/viant/afs/mem/file.go:29.42,31.26 2 1
github.com/viant/afs/mem/file.go:34.2,34.33 1 1
github.com/viant/afs/mem/file.go:31.26,33.3 1 1
github.com/viant/afs/mem/file.go:38.51,39.21 1 1
github.com/viant/afs/mem/file.go:39.21,40.25 1 1
github.com/viant/afs/mem/file.go:40.25,41.43 1 1
github.com/viant/afs/mem/file.go:42.34,43.38 1 1
github.com/viant/afs/mem/file.go:44.32,45.36 1 0
github.com/viant/afs/mem/file.go:46.32,47.36 1 1
github.com/viant/afs/mem/file.go:54.85,64.2 7 1
github.com/viant/afs/mem/provider.go:8.67,10.2 1 0
github.com/viant/afs/mem/split.go:9.41,12.24 3 1
github.com/viant/afs/mem/split.go:15.2,15.32 1 1
github.com/viant/afs/mem/split.go:21.2,21.15 1 1
github.com/viant/afs/mem/split.go:12.24,14.3 1 0
github.com/viant/afs/mem/split.go:15.32,16.17 1 1
github.com/viant/afs/mem/split.go:19.3,19.32 1 1
github.com/viant/afs/mem/split.go:16.17,17.12 1 1
github.com/viant/afs/mem/split.go:25.41,27.2 1 1
github.com/viant/afs/mem/download.go:10.117,13.16 3 1
github.com/viant/afs/mem/download.go:16.2,16.45 1 1
github.com/viant/afs/mem/download.go:13.16,15.3 1 0
github.com/viant/afs/mem/manager.go:16.118,18.2 1 1
github.com/viant/afs/mem/manager.go:20.130,24.45 4 1
github.com/viant/afs/mem/manager.go:27.2,27.22 1 1
github.com/viant/afs/mem/manager.go:30.2,30.71 1 1
github.com/viant/afs/mem/manager.go:40.2,40.12 1 1
github.com/viant/afs/mem/manager.go:24.45,26.3 1 0
github.com/viant/afs/mem/manager.go:27.22,29.3 1 1
github.com/viant/afs/mem/manager.go:30.71,32.49 2 1
github.com/viant/afs/mem/manager.go:35.3,36.30 2 1
github.com/viant/afs/mem/manager.go:32.49,34.4 1 0
github.com/viant/afs/mem/manager.go:36.30,38.4 1 0
github.com/viant/afs/mem/manager.go:43.128,45.16 2 1
github.com/viant/afs/mem/manager.go:48.2,48.12 1 1
github.com/viant/afs/mem/manager.go:45.16,47.3 1 1
github.com/viant/afs/mem/manager.go:52.53,54.2 1 1
github.com/viant/afs/mem/manager.go:56.53,61.2 4 1
github.com/viant/afs/mem/parent.go:9.82,13.2 3 1
github.com/viant/afs/mem/reader.go:8.56,10.2 1 1
github.com/viant/afs/mem/singleton.go:8.59,9.22 1 1
github.com/viant/afs/mem/singleton.go:12.2,13.18 2 1
github.com/viant/afs/mem/singleton.go:9.22,11.3 1 1
github.com/viant/afs/mem/singleton.go:17.48,19.2 1 1
github.com/viant/afs/mem/create.go:10.141,12.11 2 1
github.com/viant/afs/mem/create.go:16.2,16.44 1 1
github.com/viant/afs/mem/create.go:12.11,15.3 2 1
github.com/viant/afs/mem/delete.go:9.71,11.16 2 1
github.com/viant/afs/mem/delete.go:14.2,15.28 2 1
github.com/viant/afs/mem/delete.go:11.16,13.3 1 1
github.com/viant/afs/mem/root.go:9.69,12.16 3 1
github.com/viant/afs/mem/root.go:15.2,16.9 2 1
github.com/viant/afs/mem/root.go:19.2,19.25 1 1
github.com/viant/afs/mem/root.go:12.16,14.3 1 0
github.com/viant/afs/mem/root.go:16.9,18.3 1 0
github.com/viant/afs/mem/storager.go:14.34,16.2 1 0
github.com/viant/afs/mem/storager.go:19.51,24.2 1 1
github.com/viant/afs/mem/upload.go:13.129,15.16 2 1
github.com/viant/afs/mem/upload.go:18.2,21.35 4 1
github.com/viant/afs/mem/upload.go:15.16,17.3 1 0
github.com/viant/afs/option/crc.go:15.31,18.2 2 1
github.com/viant/afs/option/crc.go:21.44,23.16 2 1
github.com/viant/afs/option/crc.go:26.2,26.17 1 1
github.com/viant/afs/option/crc.go:29.2,30.12 2 1
github.com/viant/afs/option/crc.go:23.16,25.3 1 0
github.com/viant/afs/option/crc.go:26.17,28.3 1 0
github.com/viant/afs/option/crc.go:34.31,38.2 3 1
github.com/viant/afs/option/cred.go:13.59,15.2 1 0
github.com/viant/afs/option/cred.go:18.52,20.2 1 1
github.com/viant/afs/option/dest.go:9.47,12.2 2 1
github.com/viant/afs/option/key.go:18.40,19.42 1 1
github.com/viant/afs/option/key.go:26.2,26.30 1 1
github.com/viant/afs/option/key.go:31.2,31.33 1 1
github.com/viant/afs/option/key.go:35.2,35.12 1 1
github.com/viant/afs/option/key.go:19.42,20.76 1 0
github.com/viant/afs/option/key.go:20.76,22.4 1 0
github.com/viant/afs/option/key.go:23.8,23.48 1 1
github.com/viant/afs/option/key.go:23.48,25.3 1 1
github.com/viant/afs/option/key.go:26.30,30.3 3 1
github.com/viant/afs/option/key.go:31.33,34.3 2 1
github.com/viant/afs/option/key.go:38.38,39.22 1 1
github.com/viant/afs/option/key.go:42.2,42.12 1 1
github.com/viant/afs/option/key.go:39.22,41.3 1 1
github.com/viant/afs/option/key.go:46.62,48.37 2 1
github.com/viant/afs/option/key.go:51.2,51.20 1 1
github.com/viant/afs/option/key.go:48.37,50.3 1 1
github.com/viant/afs/option/key.go:55.74,57.37 2 0
github.com/viant/afs/option/key.go:60.2,60.20 1 0
github.com/viant/afs/option/key.go:57.37,59.3 1 0
github.com/viant/afs/option/timeout.go:11.43,13.2 1 1
github.com/viant/afs/option/md5.go:14.31,16.2 1 1
github.com/viant/afs/option/md5.go:19.50,22.2 2 1
github.com/viant/afs/option/md5.go:25.31,29.2 3 1
github.com/viant/afs/option/page.go:15.33,16.18 1 1
github.com/viant/afs/option/page.go:19.2,19.54 1 1
github.com/viant/afs/option/page.go:16.18,18.3 1 0
github.com/viant/afs/option/page.go:23.34,24.18 1 0
github.com/viant/afs/option/page.go:27.2,27.23 1 0
github.com/viant/afs/option/page.go:24.18,26.3 1 0
github.com/viant/afs/option/page.go:31.39,32.18 1 1
github.com/viant/afs/option/page.go:35.2,35.54 1 1
github.com/viant/afs/option/page.go:32.18,34.3 1 0
github.com/viant/afs/option/page.go:39.32,41.2 1 1
github.com/viant/afs/option/page.go:44.39,49.2 1 1
github.com/viant/afs/option/assign.go:9.90,11.2 1 1
github.com/viant/afs/option/assign.go:14.89,16.23 2 1
github.com/viant/afs/option/assign.go:19.2,19.25 1 1
github.com/viant/afs/option/assign.go:23.2,24.27 2 1
github.com/viant/afs/option/assign.go:27.2,28.25 2 1
github.com/viant/afs/option/assign.go:51.2,51.29 1 1
github.com/viant/afs/option/assign.go:16.23,18.3 1 1
github.com/viant/afs/option/assign.go:19.25,21.3 1 0
github.com/viant/afs/option/assign.go:24.27,26.3 1 1
github.com/viant/afs/option/assign.go:28.25,30.20 2 1
github.com/viant/afs/option/assign.go:33.3,35.10 3 1
github.com/viant/afs/option/assign.go:44.3,44.10 1 1
github.com/viant/afs/option/assign.go:48.3,49.50 2 1
github.com/viant/afs/option/assign.go:30.20,31.12 1 0
github.com/viant/afs/option/assign.go:35.10,36.28 1 1
github.com/viant/afs/option/assign.go:36.28,37.43 1 1
github.com/viant/afs/option/assign.go:37.43,40.11 3 1
github.com/viant/afs/option/assign.go:44.10,46.12 2 0
github.com/viant/afs/option/error.go:22.39,27.2 1 0
github.com/viant/afs/option/error.go:30.41,35.2 1 0
github.com/viant/afs/option/error.go:38.39,43.2 1 0
github.com/viant/afs/option/error.go:46.43,48.2 1 0
github.com/viant/afs/option/replacer.go:11.114,12.77 1 1
github.com/viant/afs/option/replacer.go:12.77,14.17 2 1
github.com/viant/afs/option/replacer.go:17.3,19.34 3 1
github.com/viant/afs/option/replacer.go:24.3,24.56 1 1
github.com/viant/afs/option/replacer.go:14.17,16.4 1 0
github.com/viant/afs/option/replacer.go:19.34,20.50 1 1
github.com/viant/afs/option/replacer.go:20.50,22.5 1 1
github.com/viant/afs/option/source.go:9.51,12.2 2 1
github.com/viant/afs/option/append.go:6.86,7.23 1 1
github.com/viant/afs/option/append.go:10.2,10.39 1 1
github.com/viant/afs/option/append.go:7.23,9.3 1 0
github.com/viant/afs/option/location.go:9.41,11.2 1 1
github.com/viant/afs/option/matcher.go:8.59,10.2 1 0
github.com/viant/afs/option/matcher.go:13.42,14.20 1 0
github.com/viant/afs/option/matcher.go:17.2,17.23 1 0
github.com/viant/afs/option/matcher.go:14.20,16.3 1 0
github.com/viant/afs/url/host.go:13.30,15.17 2 1
github.com/viant/afs/url/host.go:19.2,21.17 3 1
github.com/viant/afs/url/host.go:24.2,24.17 1 1
github.com/viant/afs/url/host.go:15.17,17.3 1 1
github.com/viant/afs/url/host.go:21.17,23.3 1 1
github.com/viant/afs/url/join.go:6.54,7.39 1 1
github.com/viant/afs/url/join.go:12.2,12.24 1 1
github.com/viant/afs/url/join.go:16.2,16.26 1 1
github.com/viant/afs/url/join.go:19.2,19.52 1 1
github.com/viant/afs/url/join.go:7.39,9.3 1 0
github.com/viant/afs/url/join.go:9.8,11.3 1 1
github.com/viant/afs/url/join.go:12.24,14.3 1 1
github.com/viant/afs/url/join.go:16.26,18.3 1 1
github.com/viant/afs/url/normalize.go:4.43,8.2 3 0
github.com/viant/afs/url/path.go:8.30,10.20 2 1
github.com/viant/afs/url/path.go:14.2,14.53 1 1
github.com/viant/afs/url/path.go:24.2,24.17 1 1
github.com/viant/afs/url/path.go:10.20,12.3 1 1
github.com/viant/afs/url/path.go:14.53,17.18 3 1
github.com/viant/afs/url/path.go:17.18,19.4 1 0
github.com/viant/afs/url/path.go:19.9,21.4 1 1
github.com/viant/afs/url/scheme.go:6.47,8.17 2 1
github.com/viant/afs/url/scheme.go:11.2,13.58 2 1
github.com/viant/afs/url/scheme.go:16.2,16.15 1 1
github.com/viant/afs/url/scheme.go:8.17,10.3 1 1
github.com/viant/afs/url/scheme.go:13.58,15.3 1 1
github.com/viant/afs/url/scheme.go:20.44,22.17 2 1
github.com/viant/afs/url/scheme.go:25.2,26.58 2 1
github.com/viant/afs/url/scheme.go:30.2,30.11 1 1
github.com/viant/afs/url/scheme.go:22.17,24.3 1 1
github.com/viant/afs/url/scheme.go:26.58,29.3 2 1
github.com/viant/afs/url/split.go:9.56,11.37 2 1
github.com/viant/afs/url/split.go:14.2,15.36 2 1
github.com/viant/afs/url/split.go:11.37,13.3 1 1
github.com/viant/afs/url/base.go:8.62,13.21 5 1
github.com/viant/afs/url/base.go:18.2,18.36 1 1
github.com/viant/afs/url/base.go:13.21,17.3 3 0
github.com/viant/afs/tar/manager.go:19.118,24.15 5 1
github.com/viant/afs/tar/manager.go:27.2,27.20 1 1
github.com/viant/afs/tar/manager.go:30.2,30.43 1 1
github.com/viant/afs/tar/manager.go:24.15,26.3 1 0
github.com/viant/afs/tar/manager.go:27.20,29.3 1 0
github.com/viant/afs/tar/manager.go:33.115,40.16 6 0
github.com/viant/afs/tar/manager.go:43.2,44.9 2 0
github.com/viant/afs/tar/manager.go:47.2,47.124 1 0
github.com/viant/afs/tar/manager.go:40.16,42.3 1 0
github.com/viant/afs/tar/manager.go:44.9,46.3 1 0
github.com/viant/afs/tar/manager.go:47.124,48.29 1 0
github.com/viant/afs/tar/manager.go:51.3,52.28 2 0
github.com/viant/afs/tar/manager.go:48.29,50.4 1 0
github.com/viant/afs/tar/manager.go:56.123,59.16 3 0
github.com/viant/afs/tar/manager.go:62.2,63.9 2 0
github.com/viant/afs/tar/manager.go:66.2,66.39 1 0
github.com/viant/afs/tar/manager.go:59.16,61.3 1 0
github.com/viant/afs/tar/manager.go:63.9,65.3 1 0
github.com/viant/afs/tar/manager.go:69.53,74.2 4 1
github.com/viant/afs/tar/manager.go:77.53,79.2 1 1
github.com/viant/afs/tar/provider.go:6.67,8.2 1 1
github.com/viant/afs/tar/storager.go:35.79,38.2 2 1
github.com/viant/afs/tar/storager.go:41.113,42.15 1 1
github.com/viant/afs/tar/storager.go:45.2,51.157 7 1
github.com/viant/afs/tar/storager.go:61.2,61.20 1 1
github.com/viant/afs/tar/storager.go:42.15,44.3 1 1
github.com/viant/afs/tar/storager.go:51.157,52.40 1 1
github.com/viant/afs/tar/storager.go:55.3,55.33 1 1
github.com/viant/afs/tar/storager.go:58.3,59.19 2 1
github.com/viant/afs/tar/storager.go:52.40,54.4 1 1
github.com/viant/afs/tar/storager.go:55.33,57.4 1 0
github.com/viant/afs/tar/storager.go:65.175,66.15 1 1
github.com/viant/afs/tar/storager.go:69.2,77.157 7 1
github.com/viant/afs/tar/storager.go:66.15,68.3 1 0
github.com/viant/afs/tar/storager.go:77.157,78.40 1 1
github.com/viant/afs/tar/storager.go:82.3,82.36 1 1
github.com/viant/afs/tar/storager.go:85.3,85.22 1 1
github.com/viant/afs/tar/storager.go:91.3,91.39 1 1
github.com/viant/afs/tar/storager.go:78.40,80.4 1 1
github.com/viant/afs/tar/storager.go:82.36,84.4 1 0
github.com/viant/afs/tar/storager.go:85.22,87.18 2 0
github.com/viant/afs/tar/storager.go:87.18,89.5 1 0
github.com/viant/afs/tar/storager.go:96.117,97.15 1 1
github.com/viant/afs/tar/storager.go:100.2,102.157 3 1
github.com/viant/afs/tar/storager.go:114.2,114.33 1 1
github.com/viant/afs/tar/storager.go:117.2,117.20 1 1
github.com/viant/afs/tar/storager.go:97.15,99.3 1 0
github.com/viant/afs/tar/storager.go:102.157,104.27 2 1
github.com/viant/afs/tar/storager.go:112.3,112.19 1 1
github.com/viant/afs/tar/storager.go:104.27,106.18 2 1
github.com/viant/afs/tar/storager.go:109.4,110.21 2 1
github.com/viant/afs/tar/storager.go:106.18,108.5 1 0
github.com/viant/afs/tar/storager.go:114.33,116.3 1 0
github.com/viant/afs/tar/storager.go:121.71,122.15 1 1
github.com/viant/afs/tar/storager.go:125.2,128.16 4 1
github.com/viant/afs/tar/storager.go:132.2,133.16 2 1
github.com/viant/afs/tar/storager.go:136.2,136.16 1 1
github.com/viant/afs/tar/storager.go:139.2,139.63 1 1
github.com/viant/afs/tar/storager.go:122.15,124.3 1 0
github.com/viant/afs/tar/storager.go:128.16,130.3 1 0
github.com/viant/afs/tar/storager.go:133.16,135.3 1 1
github.com/viant/afs/tar/storager.go:136.16,138.3 1 0
github.com/viant/afs/tar/storager.go:142.53,148.16 6 1
github.com/viant/afs/tar/storager.go:151.2,151.12 1 1
github.com/viant/afs/tar/storager.go:148.16,150.3 1 1
github.com/viant/afs/tar/storager.go:155.105,156.15 1 0
github.com/viant/afs/tar/storager.go:161.2,162.81 2 0
github.com/viant/afs/tar/storager.go:179.2,179.39 1 0
github.com/viant/afs/tar/storager.go:156.15,157.38 1 0
github.com/viant/afs/tar/storager.go:157.38,159.4 1 0
github.com/viant/afs/tar/storager.go:162.81,165.17 3 0
github.com/viant/afs/tar/storager.go:168.3,170.17 3 0
github.com/viant/afs/tar/storager.go:173.3,173.17 1 0
github.com/viant/afs/tar/storager.go:176.3,177.64 2 0
github.com/viant/afs/tar/storager.go:165.17,167.4 1 0
github.com/viant/afs/tar/storager.go:170.17,172.4 1 0
github.com/viant/afs/tar/storager.go:173.17,175.4 1 0
github.com/viant/afs/tar/storager.go:183.135,185.2 1 1
github.com/viant/afs/tar/storager.go:188.147,189.15 1 1
github.com/viant/afs/tar/storager.go:194.2,197.16 4 1
github.com/viant/afs/tar/storager.go:200.2,201.16 2 1
github.com/viant/afs/tar/storager.go:204.2,204.16 1 1
github.com/viant/afs/tar/storager.go:207.2,208.63 2 1
github.com/viant/afs/tar/storager.go:189.15,190.38 1 1
github.com/viant/afs/tar/storager.go:190.38,192.4 1 0
github.com/viant/afs/tar/storager.go:197.16,199.3 1 0
github.com/viant/afs/tar/storager.go:201.16,203.3 1 1
github.com/viant/afs/tar/storager.go:204.16,206.3 1 0
github.com/viant/afs/tar/storager.go:212.34,214.2 1 0
github.com/viant/afs/tar/storager.go:217.95,219.15 2 1
github.com/viant/afs/tar/storager.go:222.2,224.22 3 1
github.com/viant/afs/tar/storager.go:230.2,238.8 1 1
github.com/viant/afs/tar/storager.go:219.15,221.3 1 0
github.com/viant/afs/tar/storager.go:224.22,225.24 1 1
github.com/viant/afs/tar/storager.go:228.3,228.26 1 1
github.com/viant/afs/tar/storager.go:225.24,227.4 1 0
github.com/viant/afs/tar/storager.go:242.102,244.2 1 0
github.com/viant/afs/tar/uploader.go:20.124,23.21 3 1
github.com/viant/afs/tar/uploader.go:26.2,26.21 1 1
github.com/viant/afs/tar/uploader.go:29.2,30.92 2 1
github.com/viant/afs/tar/uploader.go:23.21,25.3 1 1
github.com/viant/afs/tar/uploader.go:26.21,28.3 1 1
github.com/viant/afs/tar/uploader.go:30.92,33.44 3 1
github.com/viant/afs/tar/uploader.go:38.3,41.17 4 1
github.com/viant/afs/tar/uploader.go:44.3,44.19 1 1
github.com/viant/afs/tar/uploader.go:47.3,47.51 1 1
github.com/viant/afs/tar/uploader.go:50.3,50.47 1 1
github.com/viant/afs/tar/uploader.go:53.3,53.13 1 1
github.com/viant/afs/tar/uploader.go:33.44,37.4 3 1
github.com/viant/afs/tar/uploader.go:41.17,43.4 1 0
github.com/viant/afs/tar/uploader.go:44.19,46.4 1 1
github.com/viant/afs/tar/uploader.go:47.51,49.4 1 0
github.com/viant/afs/tar/uploader.go:50.47,52.4 1 1
github.com/viant/afs/tar/uploader.go:59.56,61.2 1 1
github.com/viant/afs/tar/uploader.go:64.68,66.2 1 1
github.com/viant/afs/tar/walker.go:24.99,25.37 1 1
github.com/viant/afs/tar/walker.go:28.2,29.16 2 1
github.com/viant/afs/tar/walker.go:32.2,33.16 2 1
github.com/viant/afs/tar/walker.go:36.2,38.20 3 1
github.com/viant/afs/tar/walker.go:25.37,27.3 1 1
github.com/viant/afs/tar/walker.go:29.16,31.3 1 0
github.com/viant/afs/tar/walker.go:33.16,35.3 1 0
github.com/viant/afs/tar/walker.go:41.105,42.21 1 1
github.com/viant/afs/tar/walker.go:45.2,46.9 2 1
github.com/viant/afs/tar/walker.go:49.2,49.35 1 1
github.com/viant/afs/tar/walker.go:42.21,44.3 1 1
github.com/viant/afs/tar/walker.go:46.9,48.3 1 0
github.com/viant/afs/tar/walker.go:52.74,54.6 2 1
github.com/viant/afs/tar/walker.go:54.6,56.37 2 1
github.com/viant/afs/tar/walker.go:60.3,60.37 1 1
github.com/viant/afs/tar/walker.go:56.37,57.9 1 1
github.com/viant/afs/tar/walker.go:60.37,67.4 6 1
github.com/viant/afs/tar/walker.go:71.114,74.16 3 1
github.com/viant/afs/tar/walker.go:77.2,82.6 4 1
github.com/viant/afs/tar/walker.go:136.2,136.12 1 1
github.com/viant/afs/tar/walker.go:74.16,76.3 1 0
github.com/viant/afs/tar/walker.go:82.6,84.37 2 1
github.com/viant/afs/tar/walker.go:87.3,89.41 3 1
github.com/viant/afs/tar/walker.go:92.3,92.37 1 1
github.com/viant/afs/tar/walker.go:96.3,98.26 2 1
github.com/viant/afs/tar/walker.go:84.37,85.9 1 1
github.com/viant/afs/tar/walker.go:89.41,91.4 1 1
github.com/viant/afs/tar/walker.go:92.37,94.4 1 1
github.com/viant/afs/tar/walker.go:99.20,101.36 2 1
github.com/viant/afs/tar/walker.go:105.20,107.18 2 1
github.com/viant/afs/tar/walker.go:110.4,111.36 2 1
github.com/viant/afs/tar/walker.go:114.4,114.18 1 1
github.com/viant/afs/tar/walker.go:115.24,118.18 3 1
github.com/viant/afs/tar/walker.go:121.4,124.18 4 1
github.com/viant/afs/tar/walker.go:127.4,128.36 2 1
github.com/viant/afs/tar/walker.go:131.4,131.18 1 1
github.com/viant/afs/tar/walker.go:132.11,133.65 1 0
github.com/viant/afs/tar/walker.go:101.36,102.16 1 0
github.com/viant/afs/tar/walker.go:107.18,109.5 1 0
github.com/viant/afs/tar/walker.go:111.36,112.16 1 1
github.com/viant/afs/tar/walker.go:118.18,120.5 1 0
github.com/viant/afs/tar/walker.go:124.18,126.5 1 0
github.com/viant/afs/tar/walker.go:128.36,130.5 1 0
github.com/viant/afs/tar/walker.go:140.53,142.2 1 1
github.com/viant/afs/tar/walker.go:145.60,147.2 1 1
github.com/viant/afs/tar/writer.go:18.106,19.19 1 1
github.com/viant/afs/tar/writer.go:22.2,28.3 1 1
github.com/viant/afs/tar/writer.go:19.19,21.3 1 0
github.com/viant/afs/tar/writer.go:31.32,33.16 2 1
github.com/viant/afs/tar/writer.go:40.2,40.12 1 1
github.com/viant/afs/tar/writer.go:33.16,34.41 1 1
github.com/viant/afs/tar/writer.go:34.41,35.25 1 1
github.com/viant/afs/tar/writer.go:35.25,37.5 1 1
github.com/viant/afs/zip/manager.go:18.118,23.15 5 1
github.com/viant/afs/zip/manager.go:26.2,26.20 1 1
github.com/viant/afs/zip/manager.go:29.2,29.43 1 1
github.com/viant/afs/zip/manager.go:23.15,25.3 1 0
github.com/viant/afs/zip/manager.go:26.20,28.3 1 0
github.com/viant/afs/zip/manager.go:33.115,36.16 3 0
github.com/viant/afs/zip/manager.go:39.2,40.9 2 0
github.com/viant/afs/zip/manager.go:43.2,43.124 1 0
github.com/viant/afs/zip/manager.go:36.16,38.3 1 0
github.com/viant/afs/zip/manager.go:40.9,42.3 1 0
github.com/viant/afs/zip/manager.go:43.124,46.3 2 0
github.com/viant/afs/zip/manager.go:49.123,52.16 3 0
github.com/viant/afs/zip/manager.go:55.2,56.9 2 0
github.com/viant/afs/zip/manager.go:59.2,59.39 1 0
github.com/viant/afs/zip/manager.go:52.16,54.3 1 0
github.com/viant/afs/zip/manager.go:56.9,58.3 1 0
github.com/viant/afs/zip/manager.go:62.53,67.2 4 1
github.com/viant/afs/zip/manager.go:70.53,72.2 1 1
github.com/viant/afs/zip/provider.go:6.67,8.2 1 1
github.com/viant/afs/zip/storager.go:35.79,38.2 2 1
github.com/viant/afs/zip/storager.go:41.113,42.15 1 1
github.com/viant/afs/zip/storager.go:45.2,51.157 7 1
github.com/viant/afs/zip/storager.go:61.2,61.20 1 1
github.com/viant/afs/zip/storager.go:42.15,44.3 1 1
github.com/viant/afs/zip/storager.go:51.157,52.40 1 1
github.com/viant/afs/zip/storager.go:55.3,55.33 1 1
github.com/viant/afs/zip/storager.go:58.3,59.19 2 1
github.com/viant/afs/zip/storager.go:52.40,54.4 1 1
github.com/viant/afs/zip/storager.go:55.33,57.4 1 0
github.com/viant/afs/zip/storager.go:65.175,66.15 1 1
github.com/viant/afs/zip/storager.go:69.2,77.157 7 1
github.com/viant/afs/zip/storager.go:66.15,68.3 1 0
github.com/viant/afs/zip/storager.go:77.157,78.40 1 1
github.com/viant/afs/zip/storager.go:82.3,82.36 1 1
github.com/viant/afs/zip/storager.go:85.3,85.22 1 1
github.com/viant/afs/zip/storager.go:91.3,91.39 1 1
github.com/viant/afs/zip/storager.go:78.40,80.4 1 1
github.com/viant/afs/zip/storager.go:82.36,84.4 1 0
github.com/viant/afs/zip/storager.go:85.22,87.18 2 0
github.com/viant/afs/zip/storager.go:87.18,89.5 1 0
github.com/viant/afs/zip/storager.go:96.117,97.15 1 1
github.com/viant/afs/zip/storager.go:100.2,102.157 3 1
github.com/viant/afs/zip/storager.go:114.2,114.33 1 1
github.com/viant/afs/zip/storager.go:117.2,117.20 1 1
github.com/viant/afs/zip/storager.go:97.15,99.3 1 0
github.com/viant/afs/zip/storager.go:102.157,104.27 2 1
github.com/viant/afs/zip/storager.go:112.3,112.19 1 1
github.com/viant/afs/zip/storager.go:104.27,106.18 2 1
github.com/viant/afs/zip/storager.go:109.4,110.21 2 1
github.com/viant/afs/zip/storager.go:106.18,108.5 1 0
github.com/viant/afs/zip/storager.go:114.33,116.3 1 0
github.com/viant/afs/zip/storager.go:121.71,122.15 1 1
github.com/viant/afs/zip/storager.go:125.2,128.16 4 1
github.com/viant/afs/zip/storager.go:132.2,133.16 2 1
github.com/viant/afs/zip/storager.go:136.2,136.16 1 1
github.com/viant/afs/zip/storager.go:139.2,139.63 1 1
github.com/viant/afs/zip/storager.go:122.15,124.3 1 0
github.com/viant/afs/zip/storager.go:128.16,130.3 1 0
github.com/viant/afs/zip/storager.go:133.16,135.3 1 1
github.com/viant/afs/zip/storager.go:136.16,138.3 1 0
github.com/viant/afs/zip/storager.go:142.53,148.16 6 1
github.com/viant/afs/zip/storager.go:151.2,151.12 1 1
github.com/viant/afs/zip/storager.go:148.16,150.3 1 1
github.com/viant/afs/zip/storager.go:155.105,156.15 1 1
github.com/viant/afs/zip/storager.go:161.2,162.81 2 1
github.com/viant/afs/zip/storager.go:179.2,179.39 1 1
github.com/viant/afs/zip/storager.go:156.15,157.38 1 1
github.com/viant/afs/zip/storager.go:157.38,159.4 1 0
github.com/viant/afs/zip/storager.go:162.81,165.17 3 1
github.com/viant/afs/zip/storager.go:168.3,170.17 3 1
github.com/viant/afs/zip/storager.go:173.3,173.17 1 1
github.com/viant/afs/zip/storager.go:176.3,177.64 2 1
github.com/viant/afs/zip/storager.go:165.17,167.4 1 0
github.com/viant/afs/zip/storager.go:170.17,172.4 1 1
github.com/viant/afs/zip/storager.go:173.17,175.4 1 0
github.com/viant/afs/zip/storager.go:183.135,185.2 1 1
github.com/viant/afs/zip/storager.go:188.147,189.15 1 1
github.com/viant/afs/zip/storager.go:194.2,197.16 4 1
github.com/viant/afs/zip/storager.go:200.2,201.16 2 1
github.com/viant/afs/zip/storager.go:204.2,204.16 1 1
github.com/viant/afs/zip/storager.go:207.2,208.63 2 1
github.com/viant/afs/zip/storager.go:189.15,190.38 1 1
github.com/viant/afs/zip/storager.go:190.38,192.4 1 0
github.com/viant/afs/zip/storager.go:197.16,199.3 1 0
github.com/viant/afs/zip/storager.go:201.16,203.3 1 1
github.com/viant/afs/zip/storager.go:204.16,206.3 1 0
github.com/viant/afs/zip/storager.go:212.34,214.2 1 0
github.com/viant/afs/zip/storager.go:217.95,219.15 2 1
github.com/viant/afs/zip/storager.go:223.2,225.22 3 1
github.com/viant/afs/zip/storager.go:231.2,239.8 1 1
github.com/viant/afs/zip/storager.go:219.15,221.3 1 0
github.com/viant/afs/zip/storager.go:225.22,226.24 1 1
github.com/viant/afs/zip/storager.go:229.3,229.26 1 1
github.com/viant/afs/zip/storager.go:226.24,228.4 1 0
github.com/viant/afs/zip/storager.go:243.102,245.2 1 0
github.com/viant/afs/zip/uploader.go:20.124,23.21 3 1
github.com/viant/afs/zip/uploader.go:26.2,26.21 1 1
github.com/viant/afs/zip/uploader.go:29.2,30.92 2 1
github.com/viant/afs/zip/uploader.go:23.21,25.3 1 1
github.com/viant/afs/zip/uploader.go:26.21,28.3 1 1
github.com/viant/afs/zip/uploader.go:30.92,33.19 3 1
github.com/viant/afs/zip/uploader.go:36.3,38.17 3 1
github.com/viant/afs/zip/uploader.go:41.3,44.20 4 1
github.com/viant/afs/zip/uploader.go:50.3,50.13 1 1
github.com/viant/afs/zip/uploader.go:33.19,35.4 1 1
github.com/viant/afs/zip/uploader.go:38.17,40.4 1 0
github.com/viant/afs/zip/uploader.go:44.20,46.18 2 1
github.com/viant/afs/zip/uploader.go:46.18,48.5 1 0
github.com/viant/afs/zip/uploader.go:55.56,57.2 1 1
github.com/viant/afs/zip/uploader.go:60.68,62.2 1 1
github.com/viant/afs/zip/walker.go:21.99,22.37 1 1
github.com/viant/afs/zip/walker.go:25.2,26.16 2 1
github.com/viant/afs/zip/walker.go:29.2,30.16 2 1
github.com/viant/afs/zip/walker.go:33.2,35.20 3 1
github.com/viant/afs/zip/walker.go:22.37,24.3 1 1
github.com/viant/afs/zip/walker.go:26.16,28.3 1 0
github.com/viant/afs/zip/walker.go:30.16,32.3 1 0
github.com/viant/afs/zip/walker.go:38.114,41.16 3 1
github.com/viant/afs/zip/walker.go:44.2,45.16 2 1
github.com/viant/afs/zip/walker.go:48.2,50.42 2 1
github.com/viant/afs/zip/walker.go:70.2,70.12 1 1
github.com/viant/afs/zip/walker.go:41.16,43.3 1 0
github.com/viant/afs/zip/walker.go:45.16,47.3 1 0
github.com/viant/afs/zip/walker.go:50.42,55.34 5 1
github.com/viant/afs/zip/walker.go:60.3,61.20 2 1
github.com/viant/afs/zip/walker.go:64.3,64.35 1 1
github.com/viant/afs/zip/walker.go:67.3,67.17 1 1
github.com/viant/afs/zip/walker.go:55.34,56.52 1 1
github.com/viant/afs/zip/walker.go:56.52,58.5 1 0
github.com/viant/afs/zip/walker.go:61.20,63.4 1 1
github.com/viant/afs/zip/walker.go:64.35,66.4 1 1
github.com/viant/afs/zip/walker.go:74.53,76.2 1 1
github.com/viant/afs/zip/walker.go:79.62,81.2 1 1
github.com/viant/afs/zip/writer.go:18.106,19.19 1 1
github.com/viant/afs/zip/writer.go:22.2,28.3 1 1
github.com/viant/afs/zip/writer.go:19.19,21.3 1 0
github.com/viant/afs/zip/writer.go:31.32,33.16 2 1
github.com/viant/afs/zip/writer.go:40.2,40.12 1 1
github.com/viant/afs/zip/writer.go:33.16,34.41 1 1
github.com/viant/afs/zip/writer.go:34.41,35.25 1 1
github.com/viant/afs/zip/writer.go:35.25,37.5 1 1
github.com/viant/afs/copy.go:15.67,20.28 5 1
github.com/viant/afs/copy.go:23.2,23.58 1 1
github.com/viant/afs/copy.go:26.2,26.36 1 1
github.com/viant/afs/copy.go:20.28,22.3 1 1
github.com/viant/afs/copy.go:23.58,25.3 1 1
github.com/viant/afs/copy.go:30.63,33.34 3 1
github.com/viant/afs/copy.go:36.2,36.16 1 1
github.com/viant/afs/copy.go:40.2,41.16 2 1
github.com/viant/afs/copy.go:44.2,44.15 1 1
github.com/viant/afs/copy.go:47.2,47.159 1 1
github.com/viant/afs/copy.go:33.34,35.3 1 1
github.com/viant/afs/copy.go:36.16,38.3 1 0
github.com/viant/afs/copy.go:41.16,43.3 1 0
github.com/viant/afs/copy.go:44.15,46.3 1 1
github.com/viant/afs/copy.go:47.159,50.3 2 1
github.com/viant/afs/copy.go:54.111,65.20 11 1
github.com/viant/afs/copy.go:68.2,68.21 1 1
github.com/viant/afs/copy.go:71.2,71.19 1 1
github.com/viant/afs/copy.go:74.2,74.21 1 1
github.com/viant/afs/copy.go:77.2,77.86 1 1
github.com/viant/afs/copy.go:65.20,67.3 1 0
github.com/viant/afs/copy.go:68.21,70.3 1 0
github.com/viant/afs/copy.go:71.19,73.3 1 1
github.com/viant/afs/copy.go:74.21,76.3 1 1
github.com/viant/afs/faker.go:4.25,6.2 1 1
github.com/viant/afs/registry.go:28.66,33.2 3 1
github.com/viant/afs/registry.go:35.60,39.9 4 1
github.com/viant/afs/registry.go:42.2,42.22 1 1
github.com/viant/afs/registry.go:39.9,41.3 1 0
github.com/viant/afs/registry.go:48.29,49.22 1 1
github.com/viant/afs/registry.go:52.2,56.18 2 1
github.com/viant/afs/registry.go:49.22,51.3 1 1
github.com/viant/afs/registry.go:60.78,63.16 3 1
github.com/viant/afs/registry.go:66.2,66.26 1 1
github.com/viant/afs/registry.go:63.16,65.3 1 0
github.com/viant/afs/walker.go:12.115,14.16 2 1
github.com/viant/afs/walker.go:17.2,19.8 3 1
github.com/viant/afs/walker.go:22.2,23.58 2 1
github.com/viant/afs/walker.go:14.16,16.3 1 0
github.com/viant/afs/walker.go:19.8,21.3 1 1
github.com/viant/afs/init.go:12.13,21.2 8 1
github.com/viant/afs/move.go:11.105,21.32 9 1
github.com/viant/afs/move.go:28.2,29.84 2 1
github.com/viant/afs/move.go:32.2,32.52 1 1
github.com/viant/afs/move.go:21.32,22.79 1 1
github.com/viant/afs/move.go:22.79,23.48 1 1
github.com/viant/afs/move.go:23.48,25.5 1 1
github.com/viant/afs/move.go:29.84,31.3 1 0
github.com/viant/afs/service.go:53.110,56.16 3 1
github.com/viant/afs/service.go:59.2,59.43 1 1
github.com/viant/afs/service.go:56.16,58.3 1 0
github.com/viant/afs/service.go:62.128,65.16 3 1
github.com/viant/afs/service.go:68.2,68.59 1 1
github.com/viant/afs/service.go:65.16,67.3 1 0
github.com/viant/afs/service.go:71.133,72.19 1 0
github.com/viant/afs/service.go:75.2,78.16 4 0
github.com/viant/afs/service.go:82.2,83.35 2 0
github.com/viant/afs/service.go:86.2,86.33 1 0
github.com/viant/afs/service.go:72.19,74.3 1 0
github.com/viant/afs/service.go:78.16,80.3 1 0
github.com/viant/afs/service.go:83.35,85.3 1 0
github.com/viant/afs/service.go:89.92,92.16 3 1
github.com/viant/afs/service.go:95.2,95.45 1 1
github.com/viant/afs/service.go:92.16,94.3 1 0
github.com/viant/afs/service.go:98.122,101.16 3 1
github.com/viant/afs/service.go:104.2,104.58 1 1
github.com/viant/afs/service.go:101.16,103.3 1 0
github.com/viant/afs/service.go:107.110,109.16 2 1
github.com/viant/afs/service.go:112.2,112.36 1 1
github.com/viant/afs/service.go:109.16,111.3 1 0
github.com/viant/afs/service.go:115.135,117.16 2 1
github.com/viant/afs/service.go:120.2,120.23 1 1
github.com/viant/afs/service.go:123.2,123.24 1 1
github.com/viant/afs/service.go:117.16,119.3 1 0
github.com/viant/afs/service.go:120.23,122.3 1 0
github.com/viant/afs/service.go:126.100,129.16 3 1
github.com/viant/afs/service.go:132.2,132.48 1 1
github.com/viant/afs/service.go:129.16,131.3 1 0
github.com/viant/afs/service.go:135.125,136.50 1 1
github.com/viant/afs/service.go:139.2,140.16 2 1
github.com/viant/afs/service.go:143.2,143.30 1 1
github.com/viant/afs/service.go:136.50,138.3 1 0
github.com/viant/afs/service.go:140.16,142.3 1 1
github.com/viant/afs/service.go:146.129,151.16 5 1
github.com/viant/afs/service.go:154.2,155.35 2 1
github.com/viant/afs/service.go:158.2,161.31 4 1
github.com/viant/afs/service.go:151.16,153.3 1 0
github.com/viant/afs/service.go:155.35,157.3 1 1
github.com/viant/afs/service.go:164.118,165.13 1 1
github.com/viant/afs/service.go:168.2,169.16 2 1
github.com/viant/afs/service.go:172.2,172.29 1 1
github.com/viant/afs/service.go:165.13,167.3 1 1
github.com/viant/afs/service.go:169.16,171.3 1 0
github.com/viant/afs/service.go:175.94,179.2 3 1
github.com/viant/afs/service.go:182.47,187.9 5 1
github.com/viant/afs/service.go:190.2,190.24 1 1
github.com/viant/afs/service.go:187.9,189.3 1 0
github.com/viant/afs/service.go:194.36,198.37 4 1
github.com/viant/afs/service.go:203.2,203.12 1 1
github.com/viant/afs/service.go:198.37,199.37 1 1
github.com/viant/afs/service.go:199.37,201.4 1 1
github.com/viant/afs/service.go:206.112,210.45 4 1
github.com/viant/afs/service.go:213.2,217.18 4 1
github.com/viant/afs/service.go:227.2,230.8 4 1
github.com/viant/afs/service.go:233.2,236.8 3 1
github.com/viant/afs/service.go:239.2,241.16 3 1
github.com/viant/afs/service.go:244.2,244.21 1 1
github.com/viant/afs/service.go:210.45,212.3 1 0
github.com/viant/afs/service.go:217.18,218.72 1 0
github.com/viant/afs/service.go:218.72,220.18 2 0
github.com/viant/afs/service.go:223.4,223.41 1 0
github.com/viant/afs/service.go:220.18,222.5 1 0
github.com/viant/afs/service.go:230.8,232.3 1 1
github.com/viant/afs/service.go:236.8,238.3 1 0
github.com/viant/afs/service.go:241.16,243.3 1 1
github.com/viant/afs/service.go:247.38,253.2 1 1
github.com/viant/afs/service.go:256.20,258.2 1 1
github.com/viant/afs/uploader.go:13.123,16.16 3 1
github.com/viant/afs/uploader.go:19.2,20.9 2 1
github.com/viant/afs/uploader.go:23.2,23.53 1 1
github.com/viant/afs/uploader.go:16.16,18.3 1 0
github.com/viant/afs/uploader.go:20.9,22.3 1 1
github.com/viant/afs/scp/session.go:38.51,41.16 3 1
github.com/viant/afs/scp/session.go:47.2,47.17 1 1
github.com/viant/afs/scp/session.go:50.2,50.77 1 1
github.com/viant/afs/scp/session.go:42.17,43.45 1 1
github.com/viant/afs/scp/session.go:44.10,45.45 1 1
github.com/viant/afs/scp/session.go:47.17,49.3 1 1
github.com/viant/afs/scp/session.go:53.41,55.2 1 1
github.com/viant/afs/scp/session.go:57.45,59.16 2 1
github.com/viant/afs/scp/session.go:62.2,62.12 1 1
github.com/viant/afs/scp/session.go:59.16,61.3 1 1
github.com/viant/afs/scp/session.go:65.47,67.16 2 0
github.com/viant/afs/scp/session.go:70.2,70.12 1 0
github.com/viant/afs/scp/session.go:67.16,69.3 1 0
github.com/viant/afs/scp/session.go:73.44,76.2 2 1
github.com/viant/afs/scp/session.go:78.53,79.38 1 1
github.com/viant/afs/scp/session.go:82.2,82.47 1 1
github.com/viant/afs/scp/session.go:85.2,86.16 2 1
github.com/viant/afs/scp/session.go:89.2,91.36 3 1
github.com/viant/afs/scp/session.go:94.2,95.12 2 1
github.com/viant/afs/scp/session.go:79.38,81.3 1 1
github.com/viant/afs/scp/session.go:82.47,84.3 1 0
github.com/viant/afs/scp/session.go:86.16,88.3 1 0
github.com/viant/afs/scp/session.go:91.36,93.3 1 0
github.com/viant/afs/scp/session.go:98.68,100.36 2 1
github.com/viant/afs/scp/session.go:108.2,110.51 3 1
github.com/viant/afs/scp/session.go:113.2,114.35 2 1
github.com/viant/afs/scp/session.go:100.36,102.17 2 1
github.com/viant/afs/scp/session.go:105.3,105.18 1 1
github.com/viant/afs/scp/session.go:102.17,104.4 1 0
github.com/viant/afs/scp/session.go:110.51,112.3 1 0
github.com/viant/afs/scp/session.go:117.197,119.16 2 1
github.com/viant/afs/scp/session.go:123.2,125.22 3 1
github.com/viant/afs/scp/session.go:133.2,133.16 1 1
github.com/viant/afs/scp/session.go:136.2,137.24 2 1
github.com/viant/afs/scp/session.go:119.16,121.3 1 0
github.com/viant/afs/scp/session.go:125.22,126.75 1 1
github.com/viant/afs/scp/session.go:129.3,129.65 1 1
github.com/viant/afs/scp/session.go:126.75,128.4 1 1
github.com/viant/afs/scp/session.go:130.8,130.48 1 1
github.com/viant/afs/scp/session.go:130.48,132.3 1 1
github.com/viant/afs/scp/session.go:133.16,135.3 1 0
github.com/viant/afs/scp/session.go:140.169,141.25 1 1
github.com/viant/afs/scp/session.go:144.2,145.16 2 1
github.com/viant/afs/scp/session.go:148.2,152.6 5 1
github.com/viant/afs/scp/session.go:162.2,162.12 1 1
github.com/viant/afs/scp/session.go:141.25,143.3 1 0
github.com/viant/afs/scp/session.go:145.16,147.3 1 0
github.com/viant/afs/scp/session.go:152.6,154.17 2 1
github.com/viant/afs/scp/session.go:154.17,155.21 1 1
github.com/viant/afs/scp/session.go:158.4,158.9 1 1
github.com/viant/afs/scp/session.go:155.21,157.5 1 1
github.com/viant/afs/scp/session.go:165.154,167.16 2 1
github.com/viant/afs/scp/session.go:170.2,171.16 2 1
github.com/viant/afs/scp/session.go:174.2,175.15 2 1
github.com/viant/afs/scp/session.go:200.2,200.12 1 1
github.com/viant/afs/scp/session.go:167.16,169.3 1 0
github.com/viant/afs/scp/session.go:171.16,173.3 1 1
github.com/viant/afs/scp/session.go:176.27,180.35 3 1
github.com/viant/afs/scp/session.go:184.19,185.29 1 1
github.com/viant/afs/scp/session.go:188.22,190.17 2 1
github.com/viant/afs/scp/session.go:193.3,193.25 1 1
github.com/viant/afs/scp/session.go:194.32,196.40 2 1
github.com/viant/afs/scp/session.go:197.10,198.66 1 0
github.com/viant/afs/scp/session.go:180.35,182.4 1 1
github.com/viant/afs/scp/session.go:185.29,187.4 1 1
github.com/viant/afs/scp/session.go:190.17,192.4 1 0
github.com/viant/afs/scp/session.go:203.38,205.16 2 1
github.com/viant/afs/scp/session.go:208.2,209.16 2 1
github.com/viant/afs/scp/session.go:205.16,207.3 1 0
github.com/viant/afs/scp/session.go:210.16,211.13 1 1
github.com/viant/afs/scp/session.go:212.10,213.57 1 0
github.com/viant/afs/scp/session.go:217.34,219.2 1 0
github.com/viant/afs/scp/session.go:221.52,223.2 1 1
github.com/viant/afs/scp/session.go:225.78,226.24 1 1
github.com/viant/afs/scp/session.go:229.2,230.16 2 1
github.com/viant/afs/scp/session.go:234.2,235.16 2 1
github.com/viant/afs/scp/session.go:239.2,240.96 2 1
github.com/viant/afs/scp/session.go:255.2,255.24 1 1
github.com/viant/afs/scp/session.go:226.24,228.3 1 0
github.com/viant/afs/scp/session.go:230.16,232.3 1 0
github.com/viant/afs/scp/session.go:235.16,237.3 1 0
github.com/viant/afs/scp/session.go:240.96,244.19 4 1
github.com/viant/afs/scp/session.go:247.3,249.19 2 1
github.com/viant/afs/scp/session.go:253.3,253.30 1 1
github.com/viant/afs/scp/session.go:244.19,246.4 1 1
github.com/viant/afs/scp/session.go:249.19,252.4 2 1
github.com/viant/afs/scp/session.go:259.66,260.36 1 1
github.com/viant/afs/scp/session.go:267.2,269.16 3 1
github.com/viant/afs/scp/session.go:273.2,273.16 1 1
github.com/viant/afs/scp/session.go:276.2,276.19 1 1
github.com/viant/afs/scp/session.go:285.2,285.12 1 1
github.com/viant/afs/scp/session.go:260.36,265.3 3 0
github.com/viant/afs/scp/session.go:269.16,272.3 2 1
github.com/viant/afs/scp/session.go:273.16,275.3 1 0
github.com/viant/afs/scp/session.go:276.19,277.53 1 1
github.com/viant/afs/scp/session.go:280.3,281.17 2 1
github.com/viant/afs/scp/session.go:277.53,279.4 1 0
github.com/viant/afs/scp/session.go:281.17,283.4 1 1
github.com/viant/afs/scp/session.go:288.33,292.2 3 1
github.com/viant/afs/scp/session.go:294.104,296.16 2 1
github.com/viant/afs/scp/session.go:300.2,304.8 1 1
github.com/viant/afs/scp/session.go:296.16,298.3 1 0
github.com/viant/afs/scp/info.go:15.79,18.24 2 1
github.com/viant/afs/scp/info.go:21.2,24.16 4 1
github.com/viant/afs/scp/info.go:27.2,29.16 3 1
github.com/viant/afs/scp/info.go:32.2,33.21 2 1
github.com/viant/afs/scp/info.go:37.2,37.75 1 1
github.com/viant/afs/scp/info.go:18.24,20.3 1 1
github.com/viant/afs/scp/info.go:24.16,26.3 1 0
github.com/viant/afs/scp/info.go:29.16,31.3 1 0
github.com/viant/afs/scp/info.go:33.21,36.3 2 1
github.com/viant/afs/scp/info.go:41.61,43.24 2 1
github.com/viant/afs/scp/info.go:46.2,48.16 3 1
github.com/viant/afs/scp/info.go:51.2,54.17 4 1
github.com/viant/afs/scp/info.go:43.24,45.3 1 0
github.com/viant/afs/scp/info.go:48.16,50.3 1 0
github.com/viant/afs/scp/info.go:58.50,61.2 2 1
github.com/viant/afs/scp/info.go:64.47,66.19 2 1
github.com/viant/afs/scp/info.go:69.2,71.18 3 1
github.com/viant/afs/scp/info.go:75.2,76.63 2 1
github.com/viant/afs/scp/info.go:66.19,68.3 1 1
github.com/viant/afs/scp/info.go:71.18,74.3 2 1
github.com/viant/afs/scp/manager.go:21.123,24.16 3 0
github.com/viant/afs/scp/manager.go:27.2,28.9 2 0
github.com/viant/afs/scp/manager.go:31.2,31.39 1 0
github.com/viant/afs/scp/manager.go:24.16,26.3 1 0
github.com/viant/afs/scp/manager.go:28.9,30.3 1 0
github.com/viant/afs/scp/manager.go:34.115,41.16 7 1
github.com/viant/afs/scp/manager.go:44.2,45.9 2 1
github.com/viant/afs/scp/manager.go:48.2,48.124 1 1
github.com/viant/afs/scp/manager.go:41.16,43.3 1 0
github.com/viant/afs/scp/manager.go:45.9,47.3 1 0
github.com/viant/afs/scp/manager.go:48.124,49.29 1 1
github.com/viant/afs/scp/manager.go:52.3,53.22 2 1
github.com/viant/afs/scp/manager.go:58.3,59.28 2 1
github.com/viant/afs/scp/manager.go:49.29,51.4 1 0
github.com/viant/afs/scp/manager.go:53.22,54.68 1 0
github.com/viant/afs/scp/manager.go:54.68,56.5 1 0
github.com/viant/afs/scp/manager.go:64.118,71.27 7 1
github.com/viant/afs/scp/manager.go:74.2,74.25 1 1
github.com/viant/afs/scp/manager.go:77.2,78.16 2 1
github.com/viant/afs/scp/manager.go:81.2,82.52 2 1
github.com/viant/afs/scp/manager.go:71.27,73.3 1 1
github.com/viant/afs/scp/manager.go:74.25,76.3 1 1
github.com/viant/afs/scp/manager.go:78.16,80.3 1 0
github.com/viant/afs/scp/manager.go:85.53,90.2 4 1
github.com/viant/afs/scp/manager.go:93.53,95.2 1 0
github.com/viant/afs/scp/path.go:11.105,12.21 1 1
github.com/viant/afs/scp/path.go:15.2,18.16 3 0
github.com/viant/afs/scp/path.go:21.2,21.16 1 0
github.com/viant/afs/scp/path.go:24.2,24.43 1 0
github.com/viant/afs/scp/path.go:32.2,33.46 2 0
github.com/viant/afs/scp/path.go:49.2,49.39 1 0
github.com/viant/afs/scp/path.go:55.2,55.12 1 0
github.com/viant/afs/scp/path.go:12.21,14.3 1 1
github.com/viant/afs/scp/path.go:18.16,20.3 1 0
github.com/viant/afs/scp/path.go:21.16,23.3 1 0
github.com/viant/afs/scp/path.go:24.43,25.58 1 0
github.com/viant/afs/scp/path.go:25.58,27.44 2 0
github.com/viant/afs/scp/path.go:27.44,29.5 1 0
github.com/viant/afs/scp/path.go:33.46,36.28 3 0
github.com/viant/afs/scp/path.go:39.3,39.30 1 0
github.com/viant/afs/scp/path.go:42.3,42.24 1 0
github.com/viant/afs/scp/path.go:45.3,45.34 1 0
github.com/viant/afs/scp/path.go:36.28,38.4 1 0
github.com/viant/afs/scp/path.go:39.30,40.9 1 0
github.com/viant/afs/scp/path.go:42.24,44.4 1 0
github.com/viant/afs/scp/path.go:45.34,47.4 1 0
github.com/viant/afs/scp/path.go:49.39,51.43 2 0
github.com/viant/afs/scp/path.go:51.43,53.4 1 0
github.com/viant/afs/scp/provider.go:8.67,10.2 1 0
github.com/viant/afs/scp/auth.go:26.66,32.22 2 1
github.com/viant/afs/scp/auth.go:40.2,40.23 1 1
github.com/viant/afs/scp/auth.go:45.2,45.20 1 1
github.com/viant/afs/scp/auth.go:32.22,35.17 3 1
github.com/viant/afs/scp/auth.go:38.3,38.57 1 1
github.com/viant/afs/scp/auth.go:35.17,37.4 1 0
github.com/viant/afs/scp/auth.go:40.23,44.3 3 0
github.com/viant/afs/scp/auth.go:49.79,51.2 1 1
github.com/viant/afs/scp/auth.go:68.45,70.2 1 1
github.com/viant/afs/scp/auth.go:72.60,74.18 2 1
github.com/viant/afs/scp/auth.go:77.2,77.66 1 1
github.com/viant/afs/scp/auth.go:74.18,76.3 1 0
github.com/viant/afs/scp/auth.go:80.56,82.16 2 1
github.com/viant/afs/scp/auth.go:85.2,85.36 1 1
github.com/viant/afs/scp/auth.go:82.16,84.3 1 0
github.com/viant/afs/scp/auth.go:89.49,91.16 2 1
github.com/viant/afs/scp/auth.go:95.2,95.32 1 1
github.com/viant/afs/scp/auth.go:110.2,110.22 1 1
github.com/viant/afs/scp/auth.go:91.16,93.3 1 0
github.com/viant/afs/scp/auth.go:95.32,97.19 2 0
github.com/viant/afs/scp/auth.go:100.3,100.38 1 0
github.com/viant/afs/scp/auth.go:97.19,99.4 1 0
github.com/viant/afs/scp/auth.go:100.38,102.18 2 0
github.com/viant/afs/scp/auth.go:105.4,107.24 3 0
github.com/viant/afs/scp/auth.go:102.18,104.5 1 0
github.com/viant/afs/scp/auth.go:114.68,120.2 1 1
github.com/viant/afs/scp/auth.go:123.81,125.20 2 1
github.com/viant/afs/scp/auth.go:128.2,130.38 3 1
github.com/viant/afs/scp/auth.go:136.2,136.23 1 1
github.com/viant/afs/scp/auth.go:139.2,139.60 1 1
github.com/viant/afs/scp/auth.go:125.20,127.3 1 0
github.com/viant/afs/scp/auth.go:130.38,131.47 1 1
github.com/viant/afs/scp/auth.go:131.47,133.9 2 1
github.com/viant/afs/scp/auth.go:136.23,138.3 1 0
github.com/viant/afs/scp/reader.go:19.42,20.36 1 1
github.com/viant/afs/scp/reader.go:20.36,21.10 1 0
github.com/viant/afs/scp/reader.go:22.29,22.29 0 0
github.com/viant/afs/scp/reader.go:23.39,23.39 0 0
github.com/viant/afs/scp/reader.go:29.34,31.2 1 1
github.com/viant/afs/scp/reader.go:33.26,34.50 1 1
github.com/viant/afs/scp/reader.go:34.50,38.3 3 1
github.com/viant/afs/scp/reader.go:41.62,42.18 1 1
github.com/viant/afs/scp/reader.go:45.2,45.9 1 1
github.com/viant/afs/scp/reader.go:42.18,44.3 1 0
github.com/viant/afs/scp/reader.go:46.30,47.19 1 1
github.com/viant/afs/scp/reader.go:48.28,49.18 1 1
github.com/viant/afs/scp/reader.go:50.28,51.57 1 0
github.com/viant/afs/scp/reader.go:52.22,53.35 1 0
github.com/viant/afs/scp/reader.go:57.37,58.6 1 1
github.com/viant/afs/scp/reader.go:58.6,61.17 3 1
github.com/viant/afs/scp/reader.go:65.3,65.19 1 1
github.com/viant/afs/scp/reader.go:68.3,68.13 1 1
github.com/viant/afs/scp/reader.go:71.3,71.10 1 1
github.com/viant/afs/scp/reader.go:61.17,64.4 2 1
github.com/viant/afs/scp/reader.go:65.19,67.4 1 0
github.com/viant/afs/scp/reader.go:68.13,69.12 1 0
github.com/viant/afs/scp/reader.go:72.35,73.12 1 1
github.com/viant/afs/scp/reader.go:74.23,75.10 1 0
github.com/viant/afs/scp/reader.go:80.44,81.18 1 1
github.com/viant/afs/scp/reader.go:84.2,85.27 2 1
github.com/viant/afs/scp/reader.go:81.18,83.3 1 1
github.com/viant/afs/scp/reader.go:88.44,96.2 2 1
github.com/viant/afs/scp/storager.go:27.42,28.76 1 1
github.com/viant/afs/scp/storager.go:31.2,31.12 1 1
github.com/viant/afs/scp/storager.go:28.76,30.3 1 0
github.com/viant/afs/scp/storager.go:35.71,37.16 2 1
github.com/viant/afs/scp/storager.go:40.2,40.12 1 1
github.com/viant/afs/scp/storager.go:37.16,39.3 1 1
github.com/viant/afs/scp/storager.go:45.79,47.16 2 1
github.com/viant/afs/scp/storager.go:50.2,52.119 3 1
github.com/viant/afs/scp/storager.go:56.2,56.17 1 1
github.com/viant/afs/scp/storager.go:47.16,49.3 1 0
github.com/viant/afs/scp/storager.go:52.119,55.3 2 1
github.com/viant/afs/scp/storager.go:60.113,66.121 6 1
github.com/viant/afs/scp/storager.go:78.2,78.20 1 1
github.com/viant/afs/scp/storager.go:66.121,67.31 1 1
github.com/viant/afs/scp/storager.go:70.3,71.23 2 1
github.com/viant/afs/scp/storager.go:74.3,75.38 2 1
github.com/viant/afs/scp/storager.go:67.31,69.4 1 0
github.com/viant/afs/scp/storager.go:71.23,73.4 1 0
github.com/viant/afs/scp/storager.go:82.177,84.16 2 1
github.com/viant/afs/scp/storager.go:87.2,88.55 2 1
github.com/viant/afs/scp/storager.go:84.16,86.3 1 0
github.com/viant/afs/scp/storager.go:92.117,94.107 2 1
github.com/viant/afs/scp/storager.go:98.2,98.38 1 1
github.com/viant/afs/scp/storager.go:94.107,97.3 2 1
github.com/viant/afs/scp/storager.go:102.105,104.16 2 1
github.com/viant/afs/scp/storager.go:107.2,107.36 1 1
github.com/viant/afs/scp/storager.go:104.16,106.3 1 0
github.com/viant/afs/scp/storager.go:111.135,113.2 1 1
github.com/viant/afs/scp/storager.go:116.147,118.11 2 1
github.com/viant/afs/scp/storager.go:125.2,126.16 2 1
github.com/viant/afs/scp/storager.go:129.2,129.15 1 1
github.com/viant/afs/scp/storager.go:130.2,131.56 2 1
github.com/viant/afs/scp/storager.go:118.11,119.49 1 1
github.com/viant/afs/scp/storager.go:119.49,120.85 1 1
github.com/viant/afs/scp/storager.go:120.85,122.5 1 1
github.com/viant/afs/scp/storager.go:126.16,128.3 1 0
github.com/viant/afs/scp/storager.go:129.15,129.37 1 1
github.com/viant/afs/scp/storager.go:135.109,136.37 1 1
github.com/viant/afs/scp/storager.go:139.2,144.33 2 1
github.com/viant/afs/scp/storager.go:136.37,138.3 1 1
